# JRE version: OpenJDK Runtime Environment (8.0_265-b01) (build 1.8.0_265-8u265-b01-0ubuntu2~18.04-b01)
# Java VM: OpenJDK 64-Bit Server VM (25.265-b01 mixed mode linux-amd64 compressed oops)
Heap:
 PSYoungGen      total 210944K, used 7624K [0x00000000eb700000, 0x00000000f8f00000, 0x0000000100000000)
  eden space 200704K, 0% used [0x00000000eb700000,0x00000000eb700000,0x00000000f7b00000)
  from space 10240K, 74% used [0x00000000f7b00000,0x00000000f8272130,0x00000000f8500000)
  to   space 9728K, 0% used [0x00000000f8580000,0x00000000f8580000,0x00000000f8f00000)
 ParOldGen       total 37888K, used 13601K [0x00000000c2400000, 0x00000000c4900000, 0x00000000eb700000)
  object space 37888K, 35% used [0x00000000c2400000,0x00000000c3148670,0x00000000c4900000)
 Metaspace       used 26533K, capacity 26890K, committed 27264K, reserved 1073152K
  class space    used 3010K, capacity 3149K, committed 3200K, reserved 1048576K
GC Heap History (10 events):
Event: 4.137 GC heap after
Heap after GC invocations=7 (full 0):
 PSYoungGen      total 68608K, used 5118K [0x00000000eb700000, 0x00000000f4000000, 0x0000000100000000)
  eden space 63488K, 0% used [0x00000000eb700000,0x00000000eb700000,0x00000000ef500000)
  from space 5120K, 99% used [0x00000000ef500000,0x00000000ef9ff8c8,0x00000000efa00000)
  to   space 6656K, 0% used [0x00000000f3980000,0x00000000f3980000,0x00000000f4000000)
 ParOldGen       total 42496K, used 6790K [0x00000000c2400000, 0x00000000c4d80000, 0x00000000eb700000)
  object space 42496K, 15% used [0x00000000c2400000,0x00000000c2aa1830,0x00000000c4d80000)
 Metaspace       used 18353K, capacity 18640K, committed 18816K, reserved 1067008K
  class space    used 2069K, capacity 2174K, committed 2176K, reserved 1048576K
}
Event: 4.668 GC heap before
{Heap before GC invocations=8 (full 0):
 PSYoungGen      total 68608K, used 68606K [0x00000000eb700000, 0x00000000f4000000, 0x0000000100000000)
  eden space 63488K, 100% used [0x00000000eb700000,0x00000000ef500000,0x00000000ef500000)
  from space 5120K, 99% used [0x00000000ef500000,0x00000000ef9ff8c8,0x00000000efa00000)
  to   space 6656K, 0% used [0x00000000f3980000,0x00000000f3980000,0x00000000f4000000)
 ParOldGen       total 42496K, used 6790K [0x00000000c2400000, 0x00000000c4d80000, 0x00000000eb700000)
  object space 42496K, 15% used [0x00000000c2400000,0x00000000c2aa1830,0x00000000c4d80000)
 Metaspace       used 19364K, capacity 19670K, committed 19968K, reserved 1067008K
  class space    used 2147K, capacity 2239K, committed 2304K, reserved 1048576K
Event: 4.698 GC heap after
Heap after GC invocations=8 (full 0):
 PSYoungGen      total 132096K, used 6650K [0x00000000eb700000, 0x00000000f4300000, 0x0000000100000000)
  eden space 125440K, 0% used [0x00000000eb700000,0x00000000eb700000,0x00000000f3180000)
  from space 6656K, 99% used [0x00000000f3980000,0x00000000f3ffeb08,0x00000000f4000000)
  to   space 8192K, 0% used [0x00000000f3180000,0x00000000f3180000,0x00000000f3980000)
 ParOldGen       total 42496K, used 8006K [0x00000000c2400000, 0x00000000c4d80000, 0x00000000eb700000)
  object space 42496K, 18% used [0x00000000c2400000,0x00000000c2bd18c8,0x00000000c4d80000)
 Metaspace       used 19364K, capacity 19670K, committed 19968K, reserved 1067008K
  class space    used 2147K, capacity 2239K, committed 2304K, reserved 1048576K
}
Event: 6.026 GC heap before
{Heap before GC invocations=9 (full 0):
 PSYoungGen      total 132096K, used 132090K [0x00000000eb700000, 0x00000000f4300000, 0x0000000100000000)
  eden space 125440K, 100% used [0x00000000eb700000,0x00000000f3180000,0x00000000f3180000)
  from space 6656K, 99% used [0x00000000f3980000,0x00000000f3ffeb08,0x00000000f4000000)
  to   space 8192K, 0% used [0x00000000f3180000,0x00000000f3180000,0x00000000f3980000)
 ParOldGen       total 42496K, used 8006K [0x00000000c2400000, 0x00000000c4d80000, 0x00000000eb700000)
  object space 42496K, 18% used [0x00000000c2400000,0x00000000c2bd18c8,0x00000000c4d80000)
 Metaspace       used 19899K, capacity 20278K, committed 20480K, reserved 1067008K
  class space    used 2157K, capacity 2271K, committed 2304K, reserved 1048576K
Event: 6.062 GC heap after
Heap after GC invocations=9 (full 0):
 PSYoungGen      total 133632K, used 8178K [0x00000000eb700000, 0x00000000f9000000, 0x0000000100000000)
  eden space 125440K, 0% used [0x00000000eb700000,0x00000000eb700000,0x00000000f3180000)
  from space 8192K, 99% used [0x00000000f3180000,0x00000000f397cbb8,0x00000000f3980000)
  to   space 10752K, 0% used [0x00000000f8580000,0x00000000f8580000,0x00000000f9000000)
 ParOldGen       total 42496K, used 11681K [0x00000000c2400000, 0x00000000c4d80000, 0x00000000eb700000)
  object space 42496K, 27% used [0x00000000c2400000,0x00000000c2f68438,0x00000000c4d80000)
 Metaspace       used 19899K, capacity 20278K, committed 20480K, reserved 1067008K
  class space    used 2157K, capacity 2271K, committed 2304K, reserved 1048576K
}
Event: 6.722 GC heap before
{Heap before GC invocations=10 (full 0):
 PSYoungGen      total 133632K, used 72036K [0x00000000eb700000, 0x00000000f9000000, 0x0000000100000000)
  eden space 125440K, 50% used [0x00000000eb700000,0x00000000ef55c478,0x00000000f3180000)
  from space 8192K, 99% used [0x00000000f3180000,0x00000000f397cbb8,0x00000000f3980000)
  to   space 10752K, 0% used [0x00000000f8580000,0x00000000f8580000,0x00000000f9000000)
 ParOldGen       total 42496K, used 11681K [0x00000000c2400000, 0x00000000c4d80000, 0x00000000eb700000)
  object space 42496K, 27% used [0x00000000c2400000,0x00000000c2f68438,0x00000000c4d80000)
 Metaspace       used 20790K, capacity 21122K, committed 21296K, reserved 1069056K
  class space    used 2304K, capacity 2401K, committed 2432K, reserved 1048576K
Event: 6.733 GC heap after
Heap after GC invocations=10 (full 0):
 PSYoungGen      total 210432K, used 5148K [0x00000000eb700000, 0x00000000f8f00000, 0x0000000100000000)
  eden space 200704K, 0% used [0x00000000eb700000,0x00000000eb700000,0x00000000f7b00000)
  from space 9728K, 52% used [0x00000000f8580000,0x00000000f8a87060,0x00000000f8f00000)
  to   space 10240K, 0% used [0x00000000f7b00000,0x00000000f7b00000,0x00000000f8500000)
 ParOldGen       total 42496K, used 13861K [0x00000000c2400000, 0x00000000c4d80000, 0x00000000eb700000)
  object space 42496K, 32% used [0x00000000c2400000,0x00000000c3189618,0x00000000c4d80000)
 Metaspace       used 20790K, capacity 21122K, committed 21296K, reserved 1069056K
  class space    used 2304K, capacity 2401K, committed 2432K, reserved 1048576K
}
Event: 6.733 GC heap before
{Heap before GC invocations=11 (full 1):
 PSYoungGen      total 210432K, used 5148K [0x00000000eb700000, 0x00000000f8f00000, 0x0000000100000000)
  eden space 200704K, 0% used [0x00000000eb700000,0x00000000eb700000,0x00000000f7b00000)
  from space 9728K, 52% used [0x00000000f8580000,0x00000000f8a87060,0x00000000f8f00000)
  to   space 10240K, 0% used [0x00000000f7b00000,0x00000000f7b00000,0x00000000f8500000)
 ParOldGen       total 42496K, used 13861K [0x00000000c2400000, 0x00000000c4d80000, 0x00000000eb700000)
  object space 42496K, 32% used [0x00000000c2400000,0x00000000c3189618,0x00000000c4d80000)
 Metaspace       used 20790K, capacity 21122K, committed 21296K, reserved 1069056K
  class space    used 2304K, capacity 2401K, committed 2432K, reserved 1048576K
Event: 6.804 GC heap after
Heap after GC invocations=11 (full 1):
 PSYoungGen      total 210432K, used 0K [0x00000000eb700000, 0x00000000f8f00000, 0x0000000100000000)
  eden space 200704K, 0% used [0x00000000eb700000,0x00000000eb700000,0x00000000f7b00000)
  from space 9728K, 0% used [0x00000000f8580000,0x00000000f8580000,0x00000000f8f00000)
  to   space 10240K, 0% used [0x00000000f7b00000,0x00000000f7b00000,0x00000000f8500000)
 ParOldGen       total 37888K, used 13593K [0x00000000c2400000, 0x00000000c4900000, 0x00000000eb700000)
  object space 37888K, 35% used [0x00000000c2400000,0x00000000c3146670,0x00000000c4900000)
 Metaspace       used 20772K, capacity 21092K, committed 21296K, reserved 1069056K
  class space    used 2301K, capacity 2396K, committed 2432K, reserved 1048576K
}
Event: 9.601 GC heap before
{Heap before GC invocations=12 (full 1):
 PSYoungGen      total 210432K, used 200704K [0x00000000eb700000, 0x00000000f8f00000, 0x0000000100000000)
  eden space 200704K, 100% used [0x00000000eb700000,0x00000000f7b00000,0x00000000f7b00000)
  from space 9728K, 0% used [0x00000000f8580000,0x00000000f8580000,0x00000000f8f00000)
  to   space 10240K, 0% used [0x00000000f7b00000,0x00000000f7b00000,0x00000000f8500000)
 ParOldGen       total 37888K, used 13593K [0x00000000c2400000, 0x00000000c4900000, 0x00000000eb700000)
  object space 37888K, 35% used [0x00000000c2400000,0x00000000c3146670,0x00000000c4900000)
 Metaspace       used 26533K, capacity 26890K, committed 27264K, reserved 1073152K
  class space    used 3010K, capacity 3149K, committed 3200K, reserved 1048576K

