# JRE version: OpenJDK Runtime Environment (8.0_265-b01) (build 1.8.0_265-8u265-b01-0ubuntu2~18.04-b01)
# Java VM: OpenJDK 64-Bit Server VM (25.265-b01 mixed mode linux-amd64 compressed oops)
Heap:
 PSYoungGen      total 210944K, used 7608K [0x00000000eb700000, 0x00000000f8f00000, 0x0000000100000000)
  eden space 200704K, 0% used [0x00000000eb700000,0x00000000eb700000,0x00000000f7b00000)
  from space 10240K, 74% used [0x00000000f7b00000,0x00000000f826e140,0x00000000f8500000)
  to   space 9728K, 0% used [0x00000000f8580000,0x00000000f8580000,0x00000000f8f00000)
 ParOldGen       total 38400K, used 13904K [0x00000000c2400000, 0x00000000c4980000, 0x00000000eb700000)
  object space 38400K, 36% used [0x00000000c2400000,0x00000000c3194240,0x00000000c4980000)
 Metaspace       used 26503K, capacity 26890K, committed 27264K, reserved 1073152K
  class space    used 3013K, capacity 3149K, committed 3200K, reserved 1048576K
GC Heap History (10 events):
Event: 4.247 GC heap after
Heap after GC invocations=7 (full 0):
 PSYoungGen      total 68608K, used 5090K [0x00000000eb700000, 0x00000000f4000000, 0x0000000100000000)
  eden space 63488K, 0% used [0x00000000eb700000,0x00000000eb700000,0x00000000ef500000)
  from space 5120K, 99% used [0x00000000ef500000,0x00000000ef9f8a00,0x00000000efa00000)
  to   space 6656K, 0% used [0x00000000f3980000,0x00000000f3980000,0x00000000f4000000)
 ParOldGen       total 42496K, used 6771K [0x00000000c2400000, 0x00000000c4d80000, 0x00000000eb700000)
  object space 42496K, 15% used [0x00000000c2400000,0x00000000c2a9ce90,0x00000000c4d80000)
 Metaspace       used 18326K, capacity 18640K, committed 18816K, reserved 1067008K
  class space    used 2071K, capacity 2174K, committed 2176K, reserved 1048576K
}
Event: 4.834 GC heap before
{Heap before GC invocations=8 (full 0):
 PSYoungGen      total 68608K, used 68578K [0x00000000eb700000, 0x00000000f4000000, 0x0000000100000000)
  eden space 63488K, 100% used [0x00000000eb700000,0x00000000ef500000,0x00000000ef500000)
  from space 5120K, 99% used [0x00000000ef500000,0x00000000ef9f8a00,0x00000000efa00000)
  to   space 6656K, 0% used [0x00000000f3980000,0x00000000f3980000,0x00000000f4000000)
 ParOldGen       total 42496K, used 6771K [0x00000000c2400000, 0x00000000c4d80000, 0x00000000eb700000)
  object space 42496K, 15% used [0x00000000c2400000,0x00000000c2a9ce90,0x00000000c4d80000)
 Metaspace       used 19317K, capacity 19606K, committed 19712K, reserved 1067008K
  class space    used 2148K, capacity 2239K, committed 2304K, reserved 1048576K
Event: 4.858 GC heap after
Heap after GC invocations=8 (full 0):
 PSYoungGen      total 132096K, used 6633K [0x00000000eb700000, 0x00000000f4300000, 0x0000000100000000)
  eden space 125440K, 0% used [0x00000000eb700000,0x00000000eb700000,0x00000000f3180000)
  from space 6656K, 99% used [0x00000000f3980000,0x00000000f3ffa6e8,0x00000000f4000000)
  to   space 8192K, 0% used [0x00000000f3180000,0x00000000f3180000,0x00000000f3980000)
 ParOldGen       total 42496K, used 8009K [0x00000000c2400000, 0x00000000c4d80000, 0x00000000eb700000)
  object space 42496K, 18% used [0x00000000c2400000,0x00000000c2bd27e8,0x00000000c4d80000)
 Metaspace       used 19317K, capacity 19606K, committed 19712K, reserved 1067008K
  class space    used 2148K, capacity 2239K, committed 2304K, reserved 1048576K
}
Event: 5.620 GC heap before
{Heap before GC invocations=9 (full 0):
 PSYoungGen      total 132096K, used 132073K [0x00000000eb700000, 0x00000000f4300000, 0x0000000100000000)
  eden space 125440K, 100% used [0x00000000eb700000,0x00000000f3180000,0x00000000f3180000)
  from space 6656K, 99% used [0x00000000f3980000,0x00000000f3ffa6e8,0x00000000f4000000)
  to   space 8192K, 0% used [0x00000000f3180000,0x00000000f3180000,0x00000000f3980000)
 ParOldGen       total 42496K, used 8009K [0x00000000c2400000, 0x00000000c4d80000, 0x00000000eb700000)
  object space 42496K, 18% used [0x00000000c2400000,0x00000000c2bd27e8,0x00000000c4d80000)
 Metaspace       used 19857K, capacity 20150K, committed 20224K, reserved 1067008K
  class space    used 2158K, capacity 2271K, committed 2304K, reserved 1048576K
Event: 5.659 GC heap after
Heap after GC invocations=9 (full 0):
 PSYoungGen      total 133632K, used 8178K [0x00000000eb700000, 0x00000000f9000000, 0x0000000100000000)
  eden space 125440K, 0% used [0x00000000eb700000,0x00000000eb700000,0x00000000f3180000)
  from space 8192K, 99% used [0x00000000f3180000,0x00000000f397cbb8,0x00000000f3980000)
  to   space 10752K, 0% used [0x00000000f8580000,0x00000000f8580000,0x00000000f9000000)
 ParOldGen       total 42496K, used 11554K [0x00000000c2400000, 0x00000000c4d80000, 0x00000000eb700000)
  object space 42496K, 27% used [0x00000000c2400000,0x00000000c2f489d8,0x00000000c4d80000)
 Metaspace       used 19857K, capacity 20150K, committed 20224K, reserved 1067008K
  class space    used 2158K, capacity 2271K, committed 2304K, reserved 1048576K
}
Event: 7.154 GC heap before
{Heap before GC invocations=10 (full 0):
 PSYoungGen      total 133632K, used 69721K [0x00000000eb700000, 0x00000000f9000000, 0x0000000100000000)
  eden space 125440K, 49% used [0x00000000eb700000,0x00000000ef319928,0x00000000f3180000)
  from space 8192K, 99% used [0x00000000f3180000,0x00000000f397cbb8,0x00000000f3980000)
  to   space 10752K, 0% used [0x00000000f8580000,0x00000000f8580000,0x00000000f9000000)
 ParOldGen       total 42496K, used 11554K [0x00000000c2400000, 0x00000000c4d80000, 0x00000000eb700000)
  object space 42496K, 27% used [0x00000000c2400000,0x00000000c2f489d8,0x00000000c4d80000)
 Metaspace       used 20746K, capacity 21058K, committed 21296K, reserved 1069056K
  class space    used 2304K, capacity 2401K, committed 2432K, reserved 1048576K
Event: 7.166 GC heap after
Heap after GC invocations=10 (full 0):
 PSYoungGen      total 210432K, used 5148K [0x00000000eb700000, 0x00000000f8f00000, 0x0000000100000000)
  eden space 200704K, 0% used [0x00000000eb700000,0x00000000eb700000,0x00000000f7b00000)
  from space 9728K, 52% used [0x00000000f8580000,0x00000000f8a87060,0x00000000f8f00000)
  to   space 10240K, 0% used [0x00000000f7b00000,0x00000000f7b00000,0x00000000f8500000)
 ParOldGen       total 42496K, used 13710K [0x00000000c2400000, 0x00000000c4d80000, 0x00000000eb700000)
  object space 42496K, 32% used [0x00000000c2400000,0x00000000c3163bb8,0x00000000c4d80000)
 Metaspace       used 20746K, capacity 21058K, committed 21296K, reserved 1069056K
  class space    used 2304K, capacity 2401K, committed 2432K, reserved 1048576K
}
Event: 7.166 GC heap before
{Heap before GC invocations=11 (full 1):
 PSYoungGen      total 210432K, used 5148K [0x00000000eb700000, 0x00000000f8f00000, 0x0000000100000000)
  eden space 200704K, 0% used [0x00000000eb700000,0x00000000eb700000,0x00000000f7b00000)
  from space 9728K, 52% used [0x00000000f8580000,0x00000000f8a87060,0x00000000f8f00000)
  to   space 10240K, 0% used [0x00000000f7b00000,0x00000000f7b00000,0x00000000f8500000)
 ParOldGen       total 42496K, used 13710K [0x00000000c2400000, 0x00000000c4d80000, 0x00000000eb700000)
  object space 42496K, 32% used [0x00000000c2400000,0x00000000c3163bb8,0x00000000c4d80000)
 Metaspace       used 20746K, capacity 21058K, committed 21296K, reserved 1069056K
  class space    used 2304K, capacity 2401K, committed 2432K, reserved 1048576K
Event: 7.238 GC heap after
Heap after GC invocations=11 (full 1):
 PSYoungGen      total 210432K, used 0K [0x00000000eb700000, 0x00000000f8f00000, 0x0000000100000000)
  eden space 200704K, 0% used [0x00000000eb700000,0x00000000eb700000,0x00000000f7b00000)
  from space 9728K, 0% used [0x00000000f8580000,0x00000000f8580000,0x00000000f8f00000)
  to   space 10240K, 0% used [0x00000000f7b00000,0x00000000f7b00000,0x00000000f8500000)
 ParOldGen       total 38400K, used 13896K [0x00000000c2400000, 0x00000000c4980000, 0x00000000eb700000)
  object space 38400K, 36% used [0x00000000c2400000,0x00000000c3192240,0x00000000c4980000)
 Metaspace       used 20727K, capacity 21028K, committed 21296K, reserved 1069056K
  class space    used 2301K, capacity 2396K, committed 2432K, reserved 1048576K
}
Event: 10.934 GC heap before
{Heap before GC invocations=12 (full 1):
 PSYoungGen      total 210432K, used 200704K [0x00000000eb700000, 0x00000000f8f00000, 0x0000000100000000)
  eden space 200704K, 100% used [0x00000000eb700000,0x00000000f7b00000,0x00000000f7b00000)
  from space 9728K, 0% used [0x00000000f8580000,0x00000000f8580000,0x00000000f8f00000)
  to   space 10240K, 0% used [0x00000000f7b00000,0x00000000f7b00000,0x00000000f8500000)
 ParOldGen       total 38400K, used 13896K [0x00000000c2400000, 0x00000000c4980000, 0x00000000eb700000)
  object space 38400K, 36% used [0x00000000c2400000,0x00000000c3192240,0x00000000c4980000)
 Metaspace       used 26503K, capacity 26890K, committed 27264K, reserved 1073152K
  class space    used 3013K, capacity 3149K, committed 3200K, reserved 1048576K

